{"/Users/yasamanamannejad/workspace_all/gitProjects/rest-API-examples/app.js": {"path":"/Users/yasamanamannejad/workspace_all/gitProjects/rest-API-examples/app.js","statementMap":{"0":{"start":{"line":3,"column":16},"end":{"line":3,"column":34}},"1":{"start":{"line":4,"column":12},"end":{"line":4,"column":21}},"2":{"start":{"line":5,"column":0},"end":{"line":5,"column":24}},"3":{"start":{"line":7,"column":0},"end":{"line":10,"column":3}},"4":{"start":{"line":8,"column":2},"end":{"line":8,"column":46}},"5":{"start":{"line":9,"column":2},"end":{"line":9,"column":9}},"6":{"start":{"line":12,"column":20},"end":{"line":31,"column":1}},"7":{"start":{"line":14,"column":19},"end":{"line":14,"column":44}},"8":{"start":{"line":15,"column":11},"end":{"line":15,"column":33}},"9":{"start":{"line":17,"column":17},"end":{"line":17,"column":40}},"10":{"start":{"line":18,"column":2},"end":{"line":18,"column":27}},"11":{"start":{"line":20,"column":15},"end":{"line":20,"column":39}},"12":{"start":{"line":21,"column":17},"end":{"line":24,"column":4}},"13":{"start":{"line":22,"column":4},"end":{"line":22,"column":49}},"14":{"start":{"line":23,"column":4},"end":{"line":23,"column":41}},"15":{"start":{"line":25,"column":2},"end":{"line":28,"column":5}},"16":{"start":{"line":26,"column":4},"end":{"line":26,"column":23}},"17":{"start":{"line":27,"column":4},"end":{"line":27,"column":14}},"18":{"start":{"line":30,"column":2},"end":{"line":30,"column":16}},"19":{"start":{"line":35,"column":0},"end":{"line":35,"column":48}}},"fnMap":{"0":{"name":"(anonymous_0)","decl":{"start":{"line":7,"column":8},"end":{"line":7,"column":9}},"loc":{"start":{"line":7,"column":28},"end":{"line":10,"column":1}},"line":7},"1":{"name":"(anonymous_1)","decl":{"start":{"line":12,"column":20},"end":{"line":12,"column":21}},"loc":{"start":{"line":12,"column":31},"end":{"line":31,"column":1}},"line":12},"2":{"name":"(anonymous_2)","decl":{"start":{"line":21,"column":34},"end":{"line":21,"column":35}},"loc":{"start":{"line":21,"column":40},"end":{"line":24,"column":3}},"line":21},"3":{"name":"(anonymous_3)","decl":{"start":{"line":25,"column":35},"end":{"line":25,"column":36}},"loc":{"start":{"line":25,"column":42},"end":{"line":28,"column":3}},"line":25}},"branchMap":{"0":{"loc":{"start":{"line":20,"column":15},"end":{"line":20,"column":39}},"type":"binary-expr","locations":[{"start":{"line":20,"column":15},"end":{"line":20,"column":31}},{"start":{"line":20,"column":35},"end":{"line":20,"column":39}}],"line":20}},"s":{"0":1,"1":1,"2":1,"3":1,"4":2,"5":2,"6":1,"7":1,"8":1,"9":1,"10":1,"11":1,"12":1,"13":1,"14":1,"15":1,"16":0,"17":0,"18":1,"19":1},"f":{"0":2,"1":1,"2":1,"3":0},"b":{"0":[1,1]},"_coverageSchema":"1a1c01bbd47fc00a2c39e90264f33305004495a9","hash":"4ba31f9c0ae9e22884bcbf2e3a8f1a48e6508e9e"}
,"/Users/yasamanamannejad/workspace_all/gitProjects/rest-API-examples/src/database.js": {"path":"/Users/yasamanamannejad/workspace_all/gitProjects/rest-API-examples/src/database.js","statementMap":{"0":{"start":{"line":1,"column":14},"end":{"line":1,"column":38}},"1":{"start":{"line":3,"column":0},"end":{"line":3,"column":26}},"2":{"start":{"line":5,"column":26},"end":{"line":22,"column":1}},"3":{"start":{"line":7,"column":4},"end":{"line":21,"column":7}},"4":{"start":{"line":24,"column":0},"end":{"line":24,"column":41}}},"fnMap":{"0":{"name":"(anonymous_0)","decl":{"start":{"line":5,"column":26},"end":{"line":5,"column":27}},"loc":{"start":{"line":5,"column":38},"end":{"line":22,"column":1}},"line":5}},"branchMap":{},"s":{"0":1,"1":1,"2":1,"3":1,"4":1},"f":{"0":1},"b":{},"_coverageSchema":"1a1c01bbd47fc00a2c39e90264f33305004495a9","hash":"6fc2b17a770aade3b0db8a713c4d5efcf6b7560a"}
,"/Users/yasamanamannejad/workspace_all/gitProjects/rest-API-examples/src/routes.js": {"path":"/Users/yasamanamannejad/workspace_all/gitProjects/rest-API-examples/src/routes.js","statementMap":{"0":{"start":{"line":3,"column":0},"end":{"line":55,"column":2}},"1":{"start":{"line":5,"column":4},"end":{"line":7,"column":7}},"2":{"start":{"line":6,"column":8},"end":{"line":6,"column":70}},"3":{"start":{"line":9,"column":4},"end":{"line":27,"column":7}},"4":{"start":{"line":10,"column":8},"end":{"line":10,"column":41}},"5":{"start":{"line":12,"column":8},"end":{"line":22,"column":9}},"6":{"start":{"line":13,"column":24},"end":{"line":13,"column":38}},"7":{"start":{"line":14,"column":12},"end":{"line":17,"column":14}},"8":{"start":{"line":19,"column":12},"end":{"line":21,"column":14}},"9":{"start":{"line":23,"column":8},"end":{"line":23,"column":27}},"10":{"start":{"line":24,"column":21},"end":{"line":24,"column":32}},"11":{"start":{"line":26,"column":8},"end":{"line":26,"column":57}},"12":{"start":{"line":31,"column":4},"end":{"line":39,"column":7}},"13":{"start":{"line":32,"column":18},"end":{"line":32,"column":31}},"14":{"start":{"line":33,"column":22},"end":{"line":36,"column":9}},"15":{"start":{"line":37,"column":21},"end":{"line":37,"column":32}},"16":{"start":{"line":38,"column":8},"end":{"line":38,"column":57}},"17":{"start":{"line":41,"column":4},"end":{"line":54,"column":7}},"18":{"start":{"line":42,"column":8},"end":{"line":42,"column":48}},"19":{"start":{"line":43,"column":20},"end":{"line":43,"column":33}},"20":{"start":{"line":44,"column":21},"end":{"line":44,"column":35}},"21":{"start":{"line":45,"column":21},"end":{"line":45,"column":35}},"22":{"start":{"line":46,"column":23},"end":{"line":46,"column":39}},"23":{"start":{"line":47,"column":8},"end":{"line":47,"column":86}},"24":{"start":{"line":48,"column":22},"end":{"line":51,"column":9}},"25":{"start":{"line":52,"column":21},"end":{"line":52,"column":32}},"26":{"start":{"line":53,"column":8},"end":{"line":53,"column":97}}},"fnMap":{"0":{"name":"(anonymous_0)","decl":{"start":{"line":3,"column":26},"end":{"line":3,"column":27}},"loc":{"start":{"line":3,"column":45},"end":{"line":55,"column":1}},"line":3},"1":{"name":"(anonymous_1)","decl":{"start":{"line":5,"column":17},"end":{"line":5,"column":18}},"loc":{"start":{"line":5,"column":37},"end":{"line":7,"column":5}},"line":5},"2":{"name":"(anonymous_2)","decl":{"start":{"line":9,"column":24},"end":{"line":9,"column":25}},"loc":{"start":{"line":9,"column":44},"end":{"line":27,"column":5}},"line":9},"3":{"name":"(anonymous_3)","decl":{"start":{"line":31,"column":28},"end":{"line":31,"column":29}},"loc":{"start":{"line":31,"column":48},"end":{"line":39,"column":5}},"line":31},"4":{"name":"(anonymous_4)","decl":{"start":{"line":41,"column":25},"end":{"line":41,"column":26}},"loc":{"start":{"line":41,"column":45},"end":{"line":54,"column":5}},"line":41}},"branchMap":{"0":{"loc":{"start":{"line":12,"column":8},"end":{"line":22,"column":9}},"type":"if","locations":[{"start":{"line":12,"column":8},"end":{"line":22,"column":9}},{"start":{"line":12,"column":8},"end":{"line":22,"column":9}}],"line":12}},"s":{"0":1,"1":1,"2":0,"3":1,"4":0,"5":0,"6":0,"7":0,"8":0,"9":0,"10":0,"11":0,"12":1,"13":1,"14":1,"15":1,"16":1,"17":1,"18":1,"19":1,"20":1,"21":1,"22":1,"23":1,"24":1,"25":1,"26":1},"f":{"0":1,"1":0,"2":0,"3":1,"4":1},"b":{"0":[0,0]},"_coverageSchema":"1a1c01bbd47fc00a2c39e90264f33305004495a9","hash":"a70b528fb84be617f792af91082cc625422b4566"}
}
